[0m22:27:20.395562 [debug] [MainThread]: Sending event: {'category': 'dbt', 'action': 'invocation', 'label': 'start', 'context': [<snowplow_tracker.self_describing_json.SelfDescribingJson object at 0x000001633E144550>, <snowplow_tracker.self_describing_json.SelfDescribingJson object at 0x000001633E147550>, <snowplow_tracker.self_describing_json.SelfDescribingJson object at 0x000001633E147690>]}


============================== 22:27:20.409972 | 3a29df08-4e41-411b-8df0-04b1d1ef7e3f ==============================
[0m22:27:20.409972 [info ] [MainThread]: Running with dbt=1.7.1
[0m22:27:20.413377 [debug] [MainThread]: running dbt with arguments {'printer_width': '80', 'indirect_selection': 'eager', 'log_cache_events': 'False', 'write_json': 'True', 'partial_parse': 'True', 'cache_selected_only': 'False', 'profiles_dir': 'C:\\Users\\ADMIN\\.dbt', 'fail_fast': 'False', 'version_check': 'True', 'log_path': 'logs', 'debug': 'False', 'warn_error': 'None', 'use_colors': 'True', 'use_experimental_parser': 'False', 'no_print': 'None', 'quiet': 'False', 'log_format': 'default', 'static_parser': 'True', 'invocation_command': 'dbt init dbtsnow', 'warn_error_options': 'WarnErrorOptions(include=[], exclude=[])', 'target_path': 'None', 'introspect': 'True', 'send_anonymous_usage_stats': 'True'}
[0m22:27:20.415944 [warn ] [MainThread]: [ConfigFolderDirectory]: Unable to parse dict {'dir': WindowsPath('C:/Users/ADMIN/.dbt')}
[0m22:27:20.419006 [info ] [MainThread]: Creating dbt configuration folder at 
[0m22:27:20.426107 [debug] [MainThread]: Starter project path: C:\Users\ADMIN\OneDrive\Desktop\Mike\dbt_snowflake\dbtenv\Lib\site-packages\dbt\include\starter_project
[0m22:27:20.606526 [info ] [MainThread]: 
Your new dbt project "dbtsnow" was created!

For more information on how to configure the profiles.yml file,
please consult the dbt documentation here:

  https://docs.getdbt.com/docs/configure-your-profile

One more thing:

Need help? Don't hesitate to reach out to us via GitHub issues or on Slack:

  https://community.getdbt.com/

Happy modeling!

[0m22:27:20.608525 [info ] [MainThread]: Setting up your profile.
[0m22:30:40.876123 [info ] [MainThread]: Profile dbtsnow written to C:\Users\ADMIN\.dbt\profiles.yml using target's profile_template.yml and your supplied values. Run 'dbt debug' to validate the connection.
[0m22:30:40.878742 [debug] [MainThread]: Command `dbt init` succeeded at 22:30:40.878742 after 200.52 seconds
[0m22:30:40.879758 [debug] [MainThread]: Sending event: {'category': 'dbt', 'action': 'invocation', 'label': 'end', 'context': [<snowplow_tracker.self_describing_json.SelfDescribingJson object at 0x0000016337030950>, <snowplow_tracker.self_describing_json.SelfDescribingJson object at 0x000001633E167E90>, <snowplow_tracker.self_describing_json.SelfDescribingJson object at 0x000001633E167F10>]}
[0m22:30:40.881740 [debug] [MainThread]: Flushing usage events
[0m22:30:41.550566 [debug] [MainThread]: Error sending anonymous usage statistics. Disabling tracking for this execution. If you wish to permanently disable tracking, see: https://docs.getdbt.com/reference/global-configs#send-anonymous-usage-stats.
[0m22:52:42.488989 [debug] [MainThread]: Sending event: {'category': 'dbt', 'action': 'invocation', 'label': 'start', 'context': [<snowplow_tracker.self_describing_json.SelfDescribingJson object at 0x0000023CD8CA4050>, <snowplow_tracker.self_describing_json.SelfDescribingJson object at 0x0000023CD8CA6710>, <snowplow_tracker.self_describing_json.SelfDescribingJson object at 0x0000023CD54D4F10>]}


============================== 22:52:42.499603 | 54d53400-04ab-4dc6-8236-e3e37e962061 ==============================
[0m22:52:42.499603 [info ] [MainThread]: Running with dbt=1.7.1
[0m22:52:42.501952 [debug] [MainThread]: running dbt with arguments {'printer_width': '80', 'indirect_selection': 'eager', 'write_json': 'True', 'log_cache_events': 'False', 'partial_parse': 'True', 'cache_selected_only': 'False', 'warn_error': 'None', 'fail_fast': 'False', 'profiles_dir': 'C:\\Users\\ADMIN\\.dbt', 'log_path': 'logs', 'debug': 'False', 'version_check': 'True', 'use_colors': 'True', 'use_experimental_parser': 'False', 'no_print': 'None', 'quiet': 'False', 'warn_error_options': 'WarnErrorOptions(include=[], exclude=[])', 'introspect': 'True', 'invocation_command': 'dbt debug', 'static_parser': 'True', 'target_path': 'None', 'log_format': 'default', 'send_anonymous_usage_stats': 'True'}
[0m22:52:42.504970 [info ] [MainThread]: dbt version: 1.7.1
[0m22:52:42.506540 [info ] [MainThread]: python version: 3.11.0
[0m22:52:42.508547 [info ] [MainThread]: python path: C:\Users\ADMIN\OneDrive\Desktop\Mike\dbt_snowflake\dbtenv\Scripts\python.exe
[0m22:52:42.511053 [info ] [MainThread]: os info: Windows-10-10.0.22621-SP0
[0m22:52:43.448838 [info ] [MainThread]: Using profiles dir at C:\Users\ADMIN\.dbt
[0m22:52:43.450189 [info ] [MainThread]: Using profiles.yml file at C:\Users\ADMIN\.dbt\profiles.yml
[0m22:52:43.451203 [info ] [MainThread]: Using dbt_project.yml file at C:\Users\ADMIN\OneDrive\Desktop\Mike\dbt_snowflake\dbt_project.yml
[0m22:52:43.453333 [info ] [MainThread]: adapter type: snowflake
[0m22:52:43.455001 [info ] [MainThread]: adapter version: 1.7.0
[0m22:52:43.457006 [info ] [MainThread]: Configuration:
[0m22:52:43.459125 [info ] [MainThread]:   profiles.yml file [[32mOK found and valid[0m]
[0m22:52:43.461191 [info ] [MainThread]:   dbt_project.yml file [[31mERROR not found[0m]
[0m22:52:43.462639 [info ] [MainThread]: Required dependencies:
[0m22:52:43.463854 [debug] [MainThread]: Executing "git --help"
[0m22:52:43.610653 [debug] [MainThread]: STDOUT: "b"usage: git [-v | --version] [-h | --help] [-C <path>] [-c <name>=<value>]\n           [--exec-path[=<path>]] [--html-path] [--man-path] [--info-path]\n           [-p | --paginate | -P | --no-pager] [--no-replace-objects] [--bare]\n           [--git-dir=<path>] [--work-tree=<path>] [--namespace=<name>]\n           [--super-prefix=<path>] [--config-env=<name>=<envvar>]\n           <command> [<args>]\n\nThese are common Git commands used in various situations:\n\nstart a working area (see also: git help tutorial)\n   clone     Clone a repository into a new directory\n   init      Create an empty Git repository or reinitialize an existing one\n\nwork on the current change (see also: git help everyday)\n   add       Add file contents to the index\n   mv        Move or rename a file, a directory, or a symlink\n   restore   Restore working tree files\n   rm        Remove files from the working tree and from the index\n\nexamine the history and state (see also: git help revisions)\n   bisect    Use binary search to find the commit that introduced a bug\n   diff      Show changes between commits, commit and working tree, etc\n   grep      Print lines matching a pattern\n   log       Show commit logs\n   show      Show various types of objects\n   status    Show the working tree status\n\ngrow, mark and tweak your common history\n   branch    List, create, or delete branches\n   commit    Record changes to the repository\n   merge     Join two or more development histories together\n   rebase    Reapply commits on top of another base tip\n   reset     Reset current HEAD to the specified state\n   switch    Switch branches\n   tag       Create, list, delete or verify a tag object signed with GPG\n\ncollaborate (see also: git help workflows)\n   fetch     Download objects and refs from another repository\n   pull      Fetch from and integrate with another repository or a local branch\n   push      Update remote refs along with associated objects\n\n'git help -a' and 'git help -g' list available subcommands and some\nconcept guides. See 'git help <command>' or 'git help <concept>'\nto read about a specific subcommand or concept.\nSee 'git help git' for an overview of the system.\n""
[0m22:52:43.613653 [debug] [MainThread]: STDERR: "b''"
[0m22:52:43.615167 [info ] [MainThread]:  - git [[32mOK found[0m]

[0m22:52:43.618194 [info ] [MainThread]: Connection:
[0m22:52:43.620194 [info ] [MainThread]:   account: ulsrdqr-ph59987
[0m22:52:43.622717 [info ] [MainThread]:   user: moketch
[0m22:52:43.623882 [info ] [MainThread]:   database: MY_DB
[0m22:52:43.626913 [info ] [MainThread]:   warehouse: MY_WAREHOUSE
[0m22:52:43.629934 [info ] [MainThread]:   role: accountadmin
[0m22:52:43.631929 [info ] [MainThread]:   schema: PUBLIC
[0m22:52:43.633926 [info ] [MainThread]:   authenticator: None
[0m22:52:43.635440 [info ] [MainThread]:   private_key_path: None
[0m22:52:43.637589 [info ] [MainThread]:   token: None
[0m22:52:43.640226 [info ] [MainThread]:   oauth_client_id: None
[0m22:52:43.641238 [info ] [MainThread]:   query_tag: None
[0m22:52:43.643364 [info ] [MainThread]:   client_session_keep_alive: False
[0m22:52:43.644876 [info ] [MainThread]:   host: None
[0m22:52:43.646767 [info ] [MainThread]:   port: None
[0m22:52:43.650050 [info ] [MainThread]:   proxy_host: None
[0m22:52:43.652328 [info ] [MainThread]:   proxy_port: None
[0m22:52:43.654884 [info ] [MainThread]:   protocol: None
[0m22:52:43.655898 [info ] [MainThread]:   connect_retries: 1
[0m22:52:43.659286 [info ] [MainThread]:   connect_timeout: None
[0m22:52:43.660286 [info ] [MainThread]:   retry_on_database_errors: False
[0m22:52:43.662294 [info ] [MainThread]:   retry_all: False
[0m22:52:43.664900 [info ] [MainThread]:   insecure_mode: False
[0m22:52:43.666916 [info ] [MainThread]:   reuse_connections: None
[0m22:52:43.669381 [info ] [MainThread]: Registered adapter: snowflake=1.7.0
[0m22:52:43.674039 [debug] [MainThread]: Acquiring new snowflake connection 'debug'
[0m22:52:43.676907 [debug] [MainThread]: Using snowflake connection "debug"
[0m22:52:43.678907 [debug] [MainThread]: On debug: select 1 as id
[0m22:52:43.679905 [debug] [MainThread]: Opening a new connection, currently in state init
[0m22:52:46.942584 [debug] [MainThread]: SQL status: SUCCESS 1 in 3.0 seconds
[0m22:52:46.948345 [debug] [MainThread]: On debug: Close
[0m22:52:47.585773 [info ] [MainThread]:   Connection test: [[32mOK connection ok[0m]

[0m22:52:47.587782 [info ] [MainThread]: [31m1 check failed:[0m
[0m22:52:47.589784 [info ] [MainThread]: Project loading failed for the following reason:
 project path <C:\Users\ADMIN\OneDrive\Desktop\Mike\dbt_snowflake\dbt_project.yml> not found

[0m22:52:47.593781 [debug] [MainThread]: Command `dbt debug` failed at 22:52:47.592782 after 5.24 seconds
[0m22:52:47.595288 [debug] [MainThread]: Connection 'debug' was properly closed.
[0m22:52:47.596302 [debug] [MainThread]: Sending event: {'category': 'dbt', 'action': 'invocation', 'label': 'end', 'context': [<snowplow_tracker.self_describing_json.SelfDescribingJson object at 0x0000023CD1CB0B50>, <snowplow_tracker.self_describing_json.SelfDescribingJson object at 0x0000023CD97C1510>, <snowplow_tracker.self_describing_json.SelfDescribingJson object at 0x0000023CD9AA2110>]}
[0m22:52:47.598311 [debug] [MainThread]: Flushing usage events
[0m22:52:49.166185 [debug] [MainThread]: Error sending anonymous usage statistics. Disabling tracking for this execution. If you wish to permanently disable tracking, see: https://docs.getdbt.com/reference/global-configs#send-anonymous-usage-stats.
